<?xml version="1.0" encoding="UTF-8" ?>
<testsuite tests="9" failures="0" name="by.academy.HiberDbTest" time="3.652" errors="0" skipped="0">
  <properties>
[...]
</properties>
  <testcase classname="by.academy.HiberDbTest" name="TestGetUserByName" time="2.501"/>
  <testcase classname="by.academy.HiberDbTest" name="SaveUserRoles" time="0.157"/>
  <testcase classname="by.academy.HiberDbTest" name="GetRolesByUserName" time="0.078"/>
  <testcase classname="by.academy.HiberDbTest" name="DeleteUser" time="0.172"/>
  <testcase classname="by.academy.HiberDbTest" name="GetEventsByDate" time="0.109"/>
  <testcase classname="by.academy.HiberDbTest" name="GetUsersByRoleName" time="0.119"/>
  <testcase classname="by.academy.HiberDbTest" name="testGetAll" time="0.313"/>
  <testcase classname="by.academy.HiberDbTest" name="GetCriminal" time="0.14"/>
  <testcase classname="by.academy.HiberDbTest" name="GetUser" time="0.063"/>
</testsuite>